  [1m[36m (1.0ms)[0m  [1mCREATE TABLE "schema_migrations" ("version" varchar NOT NULL) [0m
  [1m[35m (0.3ms)[0m  select sqlite_version(*)
  [1m[36m (2.2ms)[0m  [1mCREATE UNIQUE INDEX "unique_schema_migrations" ON "schema_migrations" ("version")[0m
  [1m[35mActiveRecord::SchemaMigration Load (0.1ms)[0m  SELECT "schema_migrations".* FROM "schema_migrations"
Migrating to CreateCharacters (20160309214347)
  [1m[36m (0.1ms)[0m  [1mbegin transaction[0m
  [1m[35m (0.5ms)[0m  CREATE TABLE "characters" ("id" INTEGER PRIMARY KEY AUTOINCREMENT NOT NULL, "first_name" varchar, "last_name" varchar, "hero_name" varchar, "universe" varchar, "created_at" datetime NOT NULL, "updated_at" datetime NOT NULL) 
  [1m[36mSQL (0.2ms)[0m  [1mINSERT INTO "schema_migrations" ("version") VALUES (?)[0m  [["version", "20160309214347"]]
  [1m[35m (0.7ms)[0m  commit transaction
Migrating to AddBioToCharacters (20160309214402)
  [1m[36m (0.1ms)[0m  [1mbegin transaction[0m
  [1m[35m (0.7ms)[0m  ALTER TABLE "characters" ADD "bio" text
  [1m[36mSQL (0.2ms)[0m  [1mINSERT INTO "schema_migrations" ("version") VALUES (?)[0m  [["version", "20160309214402"]]
  [1m[35m (0.6ms)[0m  commit transaction
  [1m[36mActiveRecord::SchemaMigration Load (0.1ms)[0m  [1mSELECT "schema_migrations".* FROM "schema_migrations"[0m
  [1m[36mActiveRecord::SchemaMigration Load (0.4ms)[0m  [1mSELECT "schema_migrations".* FROM "schema_migrations"[0m
  [1m[36mActiveRecord::SchemaMigration Load (0.1ms)[0m  [1mSELECT "schema_migrations".* FROM "schema_migrations"[0m
  [1m[35m (0.1ms)[0m  begin transaction
  [1m[36mSQL (1.1ms)[0m  [1mINSERT INTO "characters" ("first_name", "last_name", "hero_name", "universe", "bio", "created_at", "updated_at") VALUES (?, ?, ?, ?, ?, ?, ?)[0m  [["first_name", "Steve"], ["last_name", "Rogers"], ["hero_name", "Captain America"], ["universe", "Marvel"], ["bio", "lorem ipsum"], ["created_at", "2016-03-09 21:56:25.301674"], ["updated_at", "2016-03-09 21:56:25.301674"]]
  [1m[35m (0.7ms)[0m  commit transaction
  [1m[36m (0.0ms)[0m  [1mbegin transaction[0m
  [1m[35mSQL (0.2ms)[0m  INSERT INTO "characters" ("first_name", "last_name", "hero_name", "universe", "bio", "created_at", "updated_at") VALUES (?, ?, ?, ?, ?, ?, ?)  [["first_name", "Diana"], ["last_name", "Prince"], ["hero_name", "Wonder Woman"], ["universe", "DC"], ["bio", "lorem ipsum"], ["created_at", "2016-03-09 21:56:25.307131"], ["updated_at", "2016-03-09 21:56:25.307131"]]
  [1m[36m (0.7ms)[0m  [1mcommit transaction[0m
  [1m[35m (0.0ms)[0m  begin transaction
  [1m[36mSQL (0.2ms)[0m  [1mINSERT INTO "characters" ("first_name", "last_name", "hero_name", "universe", "bio", "created_at", "updated_at") VALUES (?, ?, ?, ?, ?, ?, ?)[0m  [["first_name", "Jean"], ["last_name", "Grey"], ["hero_name", "Phoenix"], ["universe", "Marvel"], ["bio", "lorem ipsum"], ["created_at", "2016-03-09 21:56:25.309000"], ["updated_at", "2016-03-09 21:56:25.309000"]]
  [1m[35m (0.6ms)[0m  commit transaction
  [1m[36m (0.0ms)[0m  [1mbegin transaction[0m
  [1m[35mSQL (0.2ms)[0m  INSERT INTO "characters" ("first_name", "last_name", "hero_name", "universe", "bio", "created_at", "updated_at") VALUES (?, ?, ?, ?, ?, ?, ?)  [["first_name", "Bruce"], ["last_name", "Wayne"], ["hero_name", "Batman"], ["universe", "DC"], ["bio", "lorem ipsum"], ["created_at", "2016-03-09 21:56:25.310750"], ["updated_at", "2016-03-09 21:56:25.310750"]]
  [1m[36m (0.6ms)[0m  [1mcommit transaction[0m
  [1m[35m (0.0ms)[0m  begin transaction
  [1m[36mSQL (0.2ms)[0m  [1mINSERT INTO "characters" ("first_name", "last_name", "hero_name", "universe", "bio", "created_at", "updated_at") VALUES (?, ?, ?, ?, ?, ?, ?)[0m  [["first_name", "Bruce"], ["last_name", "Banner"], ["hero_name", "Hulk"], ["universe", "Marvel"], ["bio", "lorem ipsum"], ["created_at", "2016-03-09 21:56:25.312711"], ["updated_at", "2016-03-09 21:56:25.312711"]]
  [1m[35m (0.6ms)[0m  commit transaction
  [1m[36mCharacter Load (0.1ms)[0m  [1mSELECT  "characters".* FROM "characters"  ORDER BY "characters"."id" ASC LIMIT 1[0m


Started GET "/" for 127.0.0.1 at 2016-03-09 16:56:59 -0500
  [1m[36mActiveRecord::SchemaMigration Load (0.4ms)[0m  [1mSELECT "schema_migrations".* FROM "schema_migrations"[0m
Processing by CharactersController#index as HTML
  [1m[35mCharacter Load (0.5ms)[0m  SELECT "characters".* FROM "characters"
  Rendered characters/index.html within layouts/application (12.2ms)
Completed 200 OK in 564ms (Views: 551.8ms | ActiveRecord: 1.6ms)


Started GET "/assets/jquery.self-c64a74367bda6ef8b860f19e74df08927ca99d2be2ac934e9e92d5fd361e0da4.js?body=1" for 127.0.0.1 at 2016-03-09 16:57:00 -0500


Started GET "/assets/jquery_ujs.self-d602bdfe68ffc63b9f9cc512872aa3cfff046228a0a36e90dd476e8ef54c1b09.js?body=1" for 127.0.0.1 at 2016-03-09 16:57:00 -0500


Started GET "/assets/application.self-377610cd7c1509e934744c810e3b4cf672dfbcacac3274e7d039827e2ae0fcc7.js?body=1" for 127.0.0.1 at 2016-03-09 16:57:00 -0500


Started GET "/assets/application.self-e80e8f2318043e8af94dddc2adad5a4f09739a8ebb323b3ab31cd71d45fd9113.css?body=1" for 127.0.0.1 at 2016-03-09 16:57:00 -0500


Started GET "/characters/1" for 127.0.0.1 at 2016-03-09 16:57:03 -0500
Processing by CharactersController#show as HTML
  Parameters: {"id"=>"1"}
  [1m[36mCharacter Load (0.2ms)[0m  [1mSELECT  "characters".* FROM "characters" WHERE "characters"."id" = ? LIMIT 1[0m  [["id", 1]]
  Rendered characters/show.html within layouts/application (0.6ms)
Completed 200 OK in 27ms (Views: 9.5ms | ActiveRecord: 0.2ms)


Started GET "/characters" for 127.0.0.1 at 2016-03-09 16:57:05 -0500
Processing by CharactersController#index as HTML
  [1m[35mCharacter Load (1.0ms)[0m  SELECT "characters".* FROM "characters"
  Rendered characters/index.html within layouts/application (7.0ms)
Completed 200 OK in 22ms (Views: 20.1ms | ActiveRecord: 1.0ms)


Started GET "/characters" for 127.0.0.1 at 2016-03-09 16:57:39 -0500
Processing by CharactersController#index as HTML
  [1m[36mCharacter Load (0.1ms)[0m  [1mSELECT "characters".* FROM "characters"[0m
  Rendered characters/index.html within layouts/application (2.0ms)
Completed 200 OK in 12ms (Views: 11.0ms | ActiveRecord: 0.1ms)


Started GET "/assets/application.self-e80e8f2318043e8af94dddc2adad5a4f09739a8ebb323b3ab31cd71d45fd9113.css?body=1" for 127.0.0.1 at 2016-03-09 16:57:39 -0500


Started GET "/assets/application.self-377610cd7c1509e934744c810e3b4cf672dfbcacac3274e7d039827e2ae0fcc7.js?body=1" for 127.0.0.1 at 2016-03-09 16:57:39 -0500


Started GET "/assets/jquery.self-c64a74367bda6ef8b860f19e74df08927ca99d2be2ac934e9e92d5fd361e0da4.js?body=1" for 127.0.0.1 at 2016-03-09 16:57:39 -0500


Started GET "/assets/jquery_ujs.self-d602bdfe68ffc63b9f9cc512872aa3cfff046228a0a36e90dd476e8ef54c1b09.js?body=1" for 127.0.0.1 at 2016-03-09 16:57:39 -0500


Started GET "/characters/1/edit" for 127.0.0.1 at 2016-03-09 16:57:42 -0500
Processing by CharactersController#edit as HTML
  Parameters: {"id"=>"1"}
  [1m[35mCharacter Load (0.6ms)[0m  SELECT  "characters".* FROM "characters" WHERE "characters"."id" = ? LIMIT 1  [["id", 1]]
  Rendered characters/edit.html within layouts/application (21.9ms)
Completed 200 OK in 37ms (Views: 34.3ms | ActiveRecord: 0.6ms)


Started GET "/characters" for 127.0.0.1 at 2016-03-09 16:57:59 -0500
Processing by CharactersController#index as HTML
  [1m[36mCharacter Load (0.2ms)[0m  [1mSELECT "characters".* FROM "characters"[0m
  Rendered characters/index.html within layouts/application (2.9ms)
Completed 200 OK in 20ms (Views: 19.3ms | ActiveRecord: 0.2ms)


Started GET "/assets/jquery.self-c64a74367bda6ef8b860f19e74df08927ca99d2be2ac934e9e92d5fd361e0da4.js?body=1" for 127.0.0.1 at 2016-03-09 16:57:59 -0500


Started GET "/assets/application.self-e80e8f2318043e8af94dddc2adad5a4f09739a8ebb323b3ab31cd71d45fd9113.css?body=1" for 127.0.0.1 at 2016-03-09 16:57:59 -0500


Started GET "/assets/application.self-377610cd7c1509e934744c810e3b4cf672dfbcacac3274e7d039827e2ae0fcc7.js?body=1" for 127.0.0.1 at 2016-03-09 16:57:59 -0500


Started GET "/assets/jquery_ujs.self-d602bdfe68ffc63b9f9cc512872aa3cfff046228a0a36e90dd476e8ef54c1b09.js?body=1" for 127.0.0.1 at 2016-03-09 16:57:59 -0500


Started GET "/characters" for 127.0.0.1 at 2016-03-09 16:58:10 -0500
Processing by CharactersController#index as HTML
  [1m[35mCharacter Load (0.2ms)[0m  SELECT "characters".* FROM "characters"
  Rendered characters/index.html within layouts/application (2.3ms)
Completed 200 OK in 12ms (Views: 11.0ms | ActiveRecord: 0.2ms)


Started GET "/assets/application.self-e80e8f2318043e8af94dddc2adad5a4f09739a8ebb323b3ab31cd71d45fd9113.css?body=1" for 127.0.0.1 at 2016-03-09 16:58:10 -0500


Started GET "/assets/jquery.self-c64a74367bda6ef8b860f19e74df08927ca99d2be2ac934e9e92d5fd361e0da4.js?body=1" for 127.0.0.1 at 2016-03-09 16:58:10 -0500


Started GET "/assets/jquery_ujs.self-d602bdfe68ffc63b9f9cc512872aa3cfff046228a0a36e90dd476e8ef54c1b09.js?body=1" for 127.0.0.1 at 2016-03-09 16:58:10 -0500


Started GET "/assets/application.self-377610cd7c1509e934744c810e3b4cf672dfbcacac3274e7d039827e2ae0fcc7.js?body=1" for 127.0.0.1 at 2016-03-09 16:58:10 -0500


Started GET "/characters" for 127.0.0.1 at 2016-03-09 16:58:16 -0500
Processing by CharactersController#index as HTML
  [1m[36mCharacter Load (0.1ms)[0m  [1mSELECT "characters".* FROM "characters"[0m
  Rendered characters/index.html within layouts/application (2.7ms)
Completed 200 OK in 13ms (Views: 11.0ms | ActiveRecord: 0.1ms)


Started GET "/assets/jquery.self-c64a74367bda6ef8b860f19e74df08927ca99d2be2ac934e9e92d5fd361e0da4.js?body=1" for 127.0.0.1 at 2016-03-09 16:58:16 -0500


Started GET "/assets/application.self-e80e8f2318043e8af94dddc2adad5a4f09739a8ebb323b3ab31cd71d45fd9113.css?body=1" for 127.0.0.1 at 2016-03-09 16:58:16 -0500


Started GET "/assets/application.self-377610cd7c1509e934744c810e3b4cf672dfbcacac3274e7d039827e2ae0fcc7.js?body=1" for 127.0.0.1 at 2016-03-09 16:58:16 -0500


Started GET "/assets/jquery_ujs.self-d602bdfe68ffc63b9f9cc512872aa3cfff046228a0a36e90dd476e8ef54c1b09.js?body=1" for 127.0.0.1 at 2016-03-09 16:58:16 -0500


Started GET "/characters" for 127.0.0.1 at 2016-03-09 16:58:48 -0500
Processing by CharactersController#index as HTML
  [1m[35mCharacter Load (0.2ms)[0m  SELECT "characters".* FROM "characters"
  Rendered characters/index.html within layouts/application (2.8ms)
Completed 200 OK in 18ms (Views: 16.2ms | ActiveRecord: 0.2ms)


Started GET "/assets/application.self-e80e8f2318043e8af94dddc2adad5a4f09739a8ebb323b3ab31cd71d45fd9113.css?body=1" for 127.0.0.1 at 2016-03-09 16:58:48 -0500


Started GET "/assets/jquery.self-c64a74367bda6ef8b860f19e74df08927ca99d2be2ac934e9e92d5fd361e0da4.js?body=1" for 127.0.0.1 at 2016-03-09 16:58:48 -0500


Started GET "/assets/jquery_ujs.self-d602bdfe68ffc63b9f9cc512872aa3cfff046228a0a36e90dd476e8ef54c1b09.js?body=1" for 127.0.0.1 at 2016-03-09 16:58:48 -0500


Started GET "/assets/application.self-377610cd7c1509e934744c810e3b4cf672dfbcacac3274e7d039827e2ae0fcc7.js?body=1" for 127.0.0.1 at 2016-03-09 16:58:48 -0500


Started GET "/characters/1/edit" for 127.0.0.1 at 2016-03-09 16:58:50 -0500
Processing by CharactersController#edit as HTML
  Parameters: {"id"=>"1"}
  [1m[36mCharacter Load (0.1ms)[0m  [1mSELECT  "characters".* FROM "characters" WHERE "characters"."id" = ? LIMIT 1[0m  [["id", 1]]
  Rendered characters/edit.html within layouts/application (2.3ms)
Completed 200 OK in 19ms (Views: 17.5ms | ActiveRecord: 0.1ms)


Started GET "/characters" for 127.0.0.1 at 2016-03-09 16:58:52 -0500
Processing by CharactersController#index as HTML
  [1m[35mCharacter Load (0.1ms)[0m  SELECT "characters".* FROM "characters"
  Rendered characters/index.html within layouts/application (1.6ms)
Completed 200 OK in 12ms (Views: 11.4ms | ActiveRecord: 0.1ms)


Started GET "/characters/2" for 127.0.0.1 at 2016-03-09 16:58:53 -0500
Processing by CharactersController#show as HTML
  Parameters: {"id"=>"2"}
  [1m[36mCharacter Load (0.1ms)[0m  [1mSELECT  "characters".* FROM "characters" WHERE "characters"."id" = ? LIMIT 1[0m  [["id", 2]]
  Rendered characters/show.html within layouts/application (0.2ms)
Completed 200 OK in 29ms (Views: 27.3ms | ActiveRecord: 0.1ms)


Started GET "/characters" for 127.0.0.1 at 2016-03-09 16:58:55 -0500
Processing by CharactersController#index as HTML
  [1m[35mCharacter Load (0.6ms)[0m  SELECT "characters".* FROM "characters"
  Rendered characters/index.html within layouts/application (5.9ms)
Completed 200 OK in 23ms (Views: 21.6ms | ActiveRecord: 0.6ms)


Started GET "/characters/2" for 127.0.0.1 at 2016-03-09 16:58:57 -0500
Processing by CharactersController#show as HTML
  Parameters: {"id"=>"2"}
  [1m[36mCharacter Load (0.1ms)[0m  [1mSELECT  "characters".* FROM "characters" WHERE "characters"."id" = ? LIMIT 1[0m  [["id", 2]]
  Rendered characters/show.html within layouts/application (0.2ms)
Completed 200 OK in 17ms (Views: 15.7ms | ActiveRecord: 0.1ms)


Started GET "/characters/2" for 127.0.0.1 at 2016-03-09 16:59:18 -0500
Processing by CharactersController#show as HTML
  Parameters: {"id"=>"2"}
  [1m[35mCharacter Load (0.1ms)[0m  SELECT  "characters".* FROM "characters" WHERE "characters"."id" = ? LIMIT 1  [["id", 2]]
  Rendered characters/show.html within layouts/application (0.6ms)
Completed 200 OK in 11ms (Views: 10.4ms | ActiveRecord: 0.1ms)


Started GET "/assets/jquery.self-c64a74367bda6ef8b860f19e74df08927ca99d2be2ac934e9e92d5fd361e0da4.js?body=1" for 127.0.0.1 at 2016-03-09 16:59:18 -0500


Started GET "/assets/application.self-e80e8f2318043e8af94dddc2adad5a4f09739a8ebb323b3ab31cd71d45fd9113.css?body=1" for 127.0.0.1 at 2016-03-09 16:59:18 -0500


Started GET "/assets/jquery_ujs.self-d602bdfe68ffc63b9f9cc512872aa3cfff046228a0a36e90dd476e8ef54c1b09.js?body=1" for 127.0.0.1 at 2016-03-09 16:59:18 -0500


Started GET "/assets/application.self-377610cd7c1509e934744c810e3b4cf672dfbcacac3274e7d039827e2ae0fcc7.js?body=1" for 127.0.0.1 at 2016-03-09 16:59:18 -0500


Started GET "/characters" for 127.0.0.1 at 2016-03-09 16:59:19 -0500
Processing by CharactersController#index as HTML
  [1m[36mCharacter Load (0.1ms)[0m  [1mSELECT "characters".* FROM "characters"[0m
  Rendered characters/index.html within layouts/application (1.5ms)
Completed 200 OK in 14ms (Views: 13.4ms | ActiveRecord: 0.1ms)


Started GET "/characters/4" for 127.0.0.1 at 2016-03-09 16:59:21 -0500
Processing by CharactersController#show as HTML
  Parameters: {"id"=>"4"}
  [1m[35mCharacter Load (0.1ms)[0m  SELECT  "characters".* FROM "characters" WHERE "characters"."id" = ? LIMIT 1  [["id", 4]]
  Rendered characters/show.html within layouts/application (0.2ms)
Completed 200 OK in 18ms (Views: 16.8ms | ActiveRecord: 0.1ms)


Started GET "/characters/1" for 127.0.0.1 at 2016-03-09 16:59:27 -0500
Processing by CharactersController#show as HTML
  Parameters: {"id"=>"1"}
  [1m[36mCharacter Load (0.1ms)[0m  [1mSELECT  "characters".* FROM "characters" WHERE "characters"."id" = ? LIMIT 1[0m  [["id", 1]]
  Rendered characters/show.html within layouts/application (0.5ms)
Completed 200 OK in 21ms (Views: 19.9ms | ActiveRecord: 0.1ms)


Started GET "/characters/1/edit" for 127.0.0.1 at 2016-03-09 16:59:31 -0500
Processing by CharactersController#edit as HTML
  Parameters: {"id"=>"1"}
  [1m[35mCharacter Load (0.3ms)[0m  SELECT  "characters".* FROM "characters" WHERE "characters"."id" = ? LIMIT 1  [["id", 1]]
  Rendered characters/edit.html within layouts/application (2.6ms)
Completed 200 OK in 18ms (Views: 11.2ms | ActiveRecord: 0.3ms)


Started PATCH "/characters/1" for 127.0.0.1 at 2016-03-09 16:59:37 -0500
Processing by CharactersController#update as HTML
  Parameters: {"utf8"=>"✓", "authenticity_token"=>"gTNZwUxF7XhSaGyatl8WaXtgsVlllLJxqxZBAtwTcEfgcAvxBFzb+rBFyvYE8Bl5vH4629YMLHUwqxx3cNU9qw==", "character"=>{"hero_name"=>"Captain America", "first_name"=>"Bucky", "last_name"=>"Rogers", "universe"=>"Marvel", "bio"=>"lorem ipsum"}, "commit"=>"Update", "id"=>"1"}
  [1m[36mCharacter Load (0.1ms)[0m  [1mSELECT  "characters".* FROM "characters" WHERE "characters"."id" = ? LIMIT 1[0m  [["id", 1]]
  [1m[35m (0.1ms)[0m  begin transaction
  [1m[36mSQL (0.4ms)[0m  [1mUPDATE "characters" SET "first_name" = ?, "updated_at" = ? WHERE "characters"."id" = ?[0m  [["first_name", "Bucky"], ["updated_at", "2016-03-09 21:59:37.267430"], ["id", 1]]
  [1m[35m (0.8ms)[0m  commit transaction
Redirected to http://localhost:3000/characters/1
Completed 302 Found in 6ms (ActiveRecord: 1.4ms)


Started GET "/characters/1" for 127.0.0.1 at 2016-03-09 16:59:37 -0500
Processing by CharactersController#show as HTML
  Parameters: {"id"=>"1"}
  [1m[36mCharacter Load (0.4ms)[0m  [1mSELECT  "characters".* FROM "characters" WHERE "characters"."id" = ? LIMIT 1[0m  [["id", 1]]
  Rendered characters/show.html within layouts/application (0.2ms)
Completed 200 OK in 13ms (Views: 11.2ms | ActiveRecord: 0.4ms)


Started GET "/characters" for 127.0.0.1 at 2016-03-09 16:59:41 -0500
Processing by CharactersController#index as HTML
  [1m[35mCharacter Load (0.1ms)[0m  SELECT "characters".* FROM "characters"
  Rendered characters/index.html within layouts/application (1.4ms)
Completed 200 OK in 9ms (Views: 8.5ms | ActiveRecord: 0.1ms)


Started GET "/characters" for 127.0.0.1 at 2016-03-09 17:00:18 -0500
Processing by CharactersController#index as HTML
  [1m[36mCharacter Load (0.1ms)[0m  [1mSELECT "characters".* FROM "characters"[0m
  Rendered characters/index.html within layouts/application (1.4ms)
Completed 200 OK in 9ms (Views: 8.6ms | ActiveRecord: 0.1ms)


Started GET "/assets/jquery.self-c64a74367bda6ef8b860f19e74df08927ca99d2be2ac934e9e92d5fd361e0da4.js?body=1" for 127.0.0.1 at 2016-03-09 17:00:18 -0500


Started GET "/assets/application.self-e80e8f2318043e8af94dddc2adad5a4f09739a8ebb323b3ab31cd71d45fd9113.css?body=1" for 127.0.0.1 at 2016-03-09 17:00:18 -0500


Started GET "/assets/jquery_ujs.self-d602bdfe68ffc63b9f9cc512872aa3cfff046228a0a36e90dd476e8ef54c1b09.js?body=1" for 127.0.0.1 at 2016-03-09 17:00:18 -0500


Started GET "/assets/application.self-377610cd7c1509e934744c810e3b4cf672dfbcacac3274e7d039827e2ae0fcc7.js?body=1" for 127.0.0.1 at 2016-03-09 17:00:18 -0500


Started GET "/characters/3" for 127.0.0.1 at 2016-03-09 17:00:19 -0500
Processing by CharactersController#show as HTML
  Parameters: {"id"=>"3"}
  [1m[35mCharacter Load (0.3ms)[0m  SELECT  "characters".* FROM "characters" WHERE "characters"."id" = ? LIMIT 1  [["id", 3]]
  Rendered characters/show.html within layouts/application (1.5ms)
Completed 200 OK in 16ms (Views: 13.4ms | ActiveRecord: 0.2ms)


Started GET "/characters/3/edit" for 127.0.0.1 at 2016-03-09 17:00:21 -0500
Processing by CharactersController#edit as HTML
  Parameters: {"id"=>"3"}
  [1m[36mCharacter Load (0.1ms)[0m  [1mSELECT  "characters".* FROM "characters" WHERE "characters"."id" = ? LIMIT 1[0m  [["id", 3]]
  Rendered characters/edit.html within layouts/application (1.8ms)
Completed 200 OK in 14ms (Views: 12.4ms | ActiveRecord: 0.1ms)


Started PATCH "/characters/3" for 127.0.0.1 at 2016-03-09 17:00:24 -0500
Processing by CharactersController#update as HTML
  Parameters: {"utf8"=>"✓", "authenticity_token"=>"/PhCmqPhCmpu+qE4UgP/s1MxPYc78PYy2A3SHIaZgqyduxCq6/g86IzXB1TgrPCjlC+2BYhoaDZDsI9pKl/PQA==", "character"=>{"hero_name"=>"Phoenix", "first_name"=>"Jean", "last_name"=>"Grey", "universe"=>"Marvel", "bio"=>"lorem ipsum"}, "commit"=>"Update", "id"=>"3"}
  [1m[35mCharacter Load (0.1ms)[0m  SELECT  "characters".* FROM "characters" WHERE "characters"."id" = ? LIMIT 1  [["id", 3]]
  [1m[36m (0.0ms)[0m  [1mbegin transaction[0m
  [1m[35m (0.1ms)[0m  commit transaction
Redirected to http://localhost:3000/characters/3
Completed 302 Found in 3ms (ActiveRecord: 0.2ms)


Started GET "/characters/3" for 127.0.0.1 at 2016-03-09 17:00:24 -0500
Processing by CharactersController#show as HTML
  Parameters: {"id"=>"3"}
  [1m[36mCharacter Load (0.5ms)[0m  [1mSELECT  "characters".* FROM "characters" WHERE "characters"."id" = ? LIMIT 1[0m  [["id", 3]]
  Rendered characters/show.html within layouts/application (0.3ms)
Completed 200 OK in 13ms (Views: 9.2ms | ActiveRecord: 0.5ms)


Started GET "/characters" for 127.0.0.1 at 2016-03-09 17:00:26 -0500
Processing by CharactersController#index as HTML
  [1m[35mCharacter Load (0.1ms)[0m  SELECT "characters".* FROM "characters"
  Rendered characters/index.html within layouts/application (2.5ms)
Completed 200 OK in 12ms (Views: 10.2ms | ActiveRecord: 0.1ms)


Started GET "/characters/6/edit" for 127.0.0.1 at 2016-03-09 19:10:12 -0500
  [1m[36mActiveRecord::SchemaMigration Load (0.5ms)[0m  [1mSELECT "schema_migrations".* FROM "schema_migrations"[0m
Processing by CharactersController#edit as HTML
  Parameters: {"id"=>"6"}
  [1m[35mCharacter Load (1.0ms)[0m  SELECT  "characters".* FROM "characters" WHERE "characters"."id" = ? LIMIT 1  [["id", 6]]
Completed 404 Not Found in 22ms (ActiveRecord: 1.4ms)

ActiveRecord::RecordNotFound (Couldn't find Character with 'id'=6):
  app/controllers/characters_controller.rb:26:in `edit'


  Rendered /Users/kareemgrant/.rbenv/versions/2.1.5/lib/ruby/gems/2.1.0/gems/actionpack-4.2.1/lib/action_dispatch/middleware/templates/rescues/_source.erb (5.2ms)
  Rendered /Users/kareemgrant/.rbenv/versions/2.1.5/lib/ruby/gems/2.1.0/gems/actionpack-4.2.1/lib/action_dispatch/middleware/templates/rescues/_trace.html.erb (2.2ms)
  Rendered /Users/kareemgrant/.rbenv/versions/2.1.5/lib/ruby/gems/2.1.0/gems/actionpack-4.2.1/lib/action_dispatch/middleware/templates/rescues/_request_and_response.html.erb (1.1ms)
  Rendered /Users/kareemgrant/.rbenv/versions/2.1.5/lib/ruby/gems/2.1.0/gems/actionpack-4.2.1/lib/action_dispatch/middleware/templates/rescues/diagnostics.html.erb within rescues/layout (26.5ms)
  Rendered /Users/kareemgrant/.rbenv/versions/2.1.5/lib/ruby/gems/2.1.0/gems/web-console-2.3.0/lib/web_console/templates/_markup.html.erb (0.4ms)
  Rendered /Users/kareemgrant/.rbenv/versions/2.1.5/lib/ruby/gems/2.1.0/gems/web-console-2.3.0/lib/web_console/templates/_inner_console_markup.html.erb within layouts/inlined_string (0.4ms)
  Rendered /Users/kareemgrant/.rbenv/versions/2.1.5/lib/ruby/gems/2.1.0/gems/web-console-2.3.0/lib/web_console/templates/_prompt_box_markup.html.erb within layouts/inlined_string (0.4ms)
  Rendered /Users/kareemgrant/.rbenv/versions/2.1.5/lib/ruby/gems/2.1.0/gems/web-console-2.3.0/lib/web_console/templates/style.css.erb within layouts/inlined_string (0.5ms)
  Rendered /Users/kareemgrant/.rbenv/versions/2.1.5/lib/ruby/gems/2.1.0/gems/web-console-2.3.0/lib/web_console/templates/console.js.erb within layouts/javascript (29.6ms)
  Rendered /Users/kareemgrant/.rbenv/versions/2.1.5/lib/ruby/gems/2.1.0/gems/web-console-2.3.0/lib/web_console/templates/main.js.erb within layouts/javascript (0.3ms)
  Rendered /Users/kareemgrant/.rbenv/versions/2.1.5/lib/ruby/gems/2.1.0/gems/web-console-2.3.0/lib/web_console/templates/error_page.js.erb within layouts/javascript (0.5ms)
  Rendered /Users/kareemgrant/.rbenv/versions/2.1.5/lib/ruby/gems/2.1.0/gems/web-console-2.3.0/lib/web_console/templates/index.html.erb (57.4ms)


Started GET "/" for 127.0.0.1 at 2016-03-09 19:10:16 -0500
Processing by CharactersController#index as HTML
  [1m[36mCharacter Load (0.2ms)[0m  [1mSELECT "characters".* FROM "characters"[0m
  Rendered characters/index.html within layouts/application (6.4ms)
Completed 200 OK in 243ms (Views: 242.5ms | ActiveRecord: 0.2ms)


Started GET "/characters/new" for 127.0.0.1 at 2016-03-09 19:10:29 -0500
Processing by CharactersController#new as HTML
  Rendered characters/new.html within layouts/application (17.9ms)
Completed 200 OK in 29ms (Views: 28.4ms | ActiveRecord: 0.0ms)


Started GET "/characters" for 127.0.0.1 at 2016-03-09 19:10:41 -0500
Processing by CharactersController#index as HTML
  [1m[35mCharacter Load (0.1ms)[0m  SELECT "characters".* FROM "characters"
  Rendered characters/index.html within layouts/application (1.8ms)
Completed 200 OK in 12ms (Views: 11.1ms | ActiveRecord: 0.1ms)


Started GET "/characters/new" for 127.0.0.1 at 2016-03-09 19:10:44 -0500
Processing by CharactersController#new as HTML
  Rendered characters/new.html within layouts/application (5.1ms)
Completed 200 OK in 18ms (Views: 17.0ms | ActiveRecord: 0.0ms)


Started POST "/characters" for 127.0.0.1 at 2016-03-09 19:11:02 -0500
Processing by CharactersController#create as HTML
  Parameters: {"utf8"=>"✓", "authenticity_token"=>"pshZEif9FPC+FoIlPnF143Q3wkPIpkkstmoR4qiCcAPHiwsib+Qiclw7JEmM3nrzsylJwXs+1ygt10yXBEQ97w==", "character"=>{"hero_name"=>"", "first_name"=>"Peter", "last_name"=>"Parker", "universe"=>"Marvel", "bio"=>""}, "commit"=>"Create"}
  [1m[36mCharacter Exists (0.2ms)[0m  [1mSELECT  1 AS one FROM "characters" WHERE LOWER("characters"."hero_name") = LOWER('') LIMIT 1[0m
  [1m[35m (0.1ms)[0m  begin transaction
  [1m[36mCACHE (0.0ms)[0m  [1mSELECT  1 AS one FROM "characters" WHERE LOWER("characters"."hero_name") = LOWER('') LIMIT 1[0m
  [1m[35m (0.1ms)[0m  rollback transaction
Redirected to http://localhost:3000/characters/new
Completed 302 Found in 238436ms (ActiveRecord: 0.4ms)


Started GET "/characters/new" for 127.0.0.1 at 2016-03-09 19:15:00 -0500
Processing by CharactersController#new as HTML
  Rendered characters/new.html within layouts/application (2.6ms)
Completed 200 OK in 16ms (Views: 15.0ms | ActiveRecord: 0.0ms)


Started GET "/characters/new" for 127.0.0.1 at 2016-03-09 19:27:02 -0500
Processing by CharactersController#new as HTML
  Rendered characters/new.html within layouts/application (2.7ms)
Completed 200 OK in 25ms (Views: 17.4ms | ActiveRecord: 0.6ms)


Started GET "/assets/application.self-e80e8f2318043e8af94dddc2adad5a4f09739a8ebb323b3ab31cd71d45fd9113.css?body=1" for 127.0.0.1 at 2016-03-09 19:27:02 -0500


Started GET "/assets/jquery.self-c64a74367bda6ef8b860f19e74df08927ca99d2be2ac934e9e92d5fd361e0da4.js?body=1" for 127.0.0.1 at 2016-03-09 19:27:02 -0500


Started GET "/assets/jquery_ujs.self-d602bdfe68ffc63b9f9cc512872aa3cfff046228a0a36e90dd476e8ef54c1b09.js?body=1" for 127.0.0.1 at 2016-03-09 19:27:02 -0500


Started GET "/assets/application.self-377610cd7c1509e934744c810e3b4cf672dfbcacac3274e7d039827e2ae0fcc7.js?body=1" for 127.0.0.1 at 2016-03-09 19:27:02 -0500


Started POST "/characters" for 127.0.0.1 at 2016-03-09 19:27:18 -0500
Processing by CharactersController#create as HTML
  Parameters: {"utf8"=>"✓", "authenticity_token"=>"jg1P03jy6qzSWoQOZqDHxuEpFXWJd/5azSPez3J/v0zvTh3jMOvcLjB3ImLUD8jWJjee9zrvYF5WnoO63rnyoA==", "character"=>{"hero_name"=>"Spiderman", "first_name"=>"Peter", "last_name"=>"Parker", "universe"=>"Marvel", "bio"=>"sdfsdfsdfsdfsdfds"}, "commit"=>"Create"}
  [1m[36m (0.1ms)[0m  [1mbegin transaction[0m
  [1m[35mCharacter Exists (0.9ms)[0m  SELECT  1 AS one FROM "characters" WHERE LOWER("characters"."hero_name") = LOWER('Spiderman') LIMIT 1
  [1m[36mSQL (0.7ms)[0m  [1mINSERT INTO "characters" ("first_name", "last_name", "hero_name", "universe", "bio", "created_at", "updated_at") VALUES (?, ?, ?, ?, ?, ?, ?)[0m  [["first_name", "Peter"], ["last_name", "Parker"], ["hero_name", "Spiderman"], ["universe", "Marvel"], ["bio", "sdfsdfsdfsdfsdfds"], ["created_at", "2016-03-10 00:27:18.099927"], ["updated_at", "2016-03-10 00:27:18.099927"]]
  [1m[35m (0.7ms)[0m  commit transaction
Redirected to http://localhost:3000/characters/6
Completed 302 Found in 10ms (ActiveRecord: 2.4ms)


Started GET "/characters/6" for 127.0.0.1 at 2016-03-09 19:27:18 -0500
Processing by CharactersController#show as HTML
  Parameters: {"id"=>"6"}
  [1m[36mCharacter Load (0.2ms)[0m  [1mSELECT  "characters".* FROM "characters" WHERE "characters"."id" = ? LIMIT 1[0m  [["id", 6]]
  Rendered characters/show.html within layouts/application (1.2ms)
Completed 200 OK in 22ms (Views: 19.6ms | ActiveRecord: 0.2ms)


Started GET "/characters/6" for 127.0.0.1 at 2016-03-09 19:33:16 -0500
Processing by CharactersController#show as HTML
  Parameters: {"id"=>"6"}
  [1m[35mCharacter Load (0.1ms)[0m  SELECT  "characters".* FROM "characters" WHERE "characters"."id" = ? LIMIT 1  [["id", 6]]
  Rendered characters/show.html within layouts/application (0.3ms)
Completed 200 OK in 13ms (Views: 12.0ms | ActiveRecord: 0.1ms)


Started GET "/assets/application.self-e80e8f2318043e8af94dddc2adad5a4f09739a8ebb323b3ab31cd71d45fd9113.css?body=1" for 127.0.0.1 at 2016-03-09 19:33:16 -0500


Started GET "/assets/jquery.self-c64a74367bda6ef8b860f19e74df08927ca99d2be2ac934e9e92d5fd361e0da4.js?body=1" for 127.0.0.1 at 2016-03-09 19:33:16 -0500


Started GET "/assets/jquery_ujs.self-d602bdfe68ffc63b9f9cc512872aa3cfff046228a0a36e90dd476e8ef54c1b09.js?body=1" for 127.0.0.1 at 2016-03-09 19:33:16 -0500


Started GET "/assets/application.self-377610cd7c1509e934744c810e3b4cf672dfbcacac3274e7d039827e2ae0fcc7.js?body=1" for 127.0.0.1 at 2016-03-09 19:33:16 -0500


Started GET "/characters" for 127.0.0.1 at 2016-03-09 19:33:21 -0500
Processing by CharactersController#index as HTML
  [1m[36mCharacter Load (0.2ms)[0m  [1mSELECT "characters".* FROM "characters"[0m
  Rendered characters/index.html within layouts/application (3.7ms)
Completed 200 OK in 15ms (Views: 14.4ms | ActiveRecord: 0.2ms)


Started GET "/characters/1/edit" for 127.0.0.1 at 2016-03-09 19:33:24 -0500
Processing by CharactersController#edit as HTML
  Parameters: {"id"=>"1"}
  [1m[35mCharacter Load (0.1ms)[0m  SELECT  "characters".* FROM "characters" WHERE "characters"."id" = ? LIMIT 1  [["id", 1]]
  Rendered characters/edit.html within layouts/application (4.3ms)
Completed 200 OK in 19ms (Views: 17.7ms | ActiveRecord: 0.1ms)


Started GET "/characters/4" for 127.0.0.1 at 2016-03-09 19:33:29 -0500
Processing by CharactersController#show as HTML
  Parameters: {"id"=>"4"}
  [1m[36mCharacter Load (0.1ms)[0m  [1mSELECT  "characters".* FROM "characters" WHERE "characters"."id" = ? LIMIT 1[0m  [["id", 4]]
  Rendered characters/show.html within layouts/application (0.3ms)
Completed 200 OK in 9ms (Views: 8.5ms | ActiveRecord: 0.1ms)


Started GET "/characters" for 127.0.0.1 at 2016-03-09 19:37:57 -0500
Processing by CharactersController#index as HTML
  [1m[35mCharacter Load (0.1ms)[0m  SELECT "characters".* FROM "characters"
  Rendered characters/index.html within layouts/application (2.2ms)
Completed 200 OK in 88565ms (Views: 88563.8ms | ActiveRecord: 0.1ms)


Started GET "/assets/application.self-e80e8f2318043e8af94dddc2adad5a4f09739a8ebb323b3ab31cd71d45fd9113.css?body=1" for 127.0.0.1 at 2016-03-09 19:39:25 -0500


Started GET "/assets/jquery_ujs.self-d602bdfe68ffc63b9f9cc512872aa3cfff046228a0a36e90dd476e8ef54c1b09.js?body=1" for 127.0.0.1 at 2016-03-09 19:39:25 -0500


Started GET "/assets/jquery.self-c64a74367bda6ef8b860f19e74df08927ca99d2be2ac934e9e92d5fd361e0da4.js?body=1" for 127.0.0.1 at 2016-03-09 19:39:25 -0500


Started GET "/assets/application.self-377610cd7c1509e934744c810e3b4cf672dfbcacac3274e7d039827e2ae0fcc7.js?body=1" for 127.0.0.1 at 2016-03-09 19:39:25 -0500


Started GET "/characters/new" for 127.0.0.1 at 2016-03-09 19:39:39 -0500
Processing by CharactersController#new as HTML
  Rendered characters/new.html within layouts/application (2.0ms)
Completed 200 OK in 14ms (Views: 13.3ms | ActiveRecord: 0.0ms)


Started GET "/characters" for 127.0.0.1 at 2016-03-09 19:46:49 -0500
  [1m[36mActiveRecord::SchemaMigration Load (0.1ms)[0m  [1mSELECT "schema_migrations".* FROM "schema_migrations"[0m
Processing by CharactersController#index as HTML
  [1m[35mCharacter Load (0.2ms)[0m  SELECT "characters".* FROM "characters"
  Rendered characters/index.html within layouts/application (9.8ms)
Completed 200 OK in 253ms (Views: 242.0ms | ActiveRecord: 0.5ms)


Started GET "/assets/application.self-e80e8f2318043e8af94dddc2adad5a4f09739a8ebb323b3ab31cd71d45fd9113.css?body=1" for 127.0.0.1 at 2016-03-09 19:46:49 -0500


Started GET "/assets/jquery_ujs.self-d602bdfe68ffc63b9f9cc512872aa3cfff046228a0a36e90dd476e8ef54c1b09.js?body=1" for 127.0.0.1 at 2016-03-09 19:46:49 -0500


Started GET "/assets/jquery.self-c64a74367bda6ef8b860f19e74df08927ca99d2be2ac934e9e92d5fd361e0da4.js?body=1" for 127.0.0.1 at 2016-03-09 19:46:49 -0500


Started GET "/assets/application.self-377610cd7c1509e934744c810e3b4cf672dfbcacac3274e7d039827e2ae0fcc7.js?body=1" for 127.0.0.1 at 2016-03-09 19:46:49 -0500


Started GET "/characters/new" for 127.0.0.1 at 2016-03-09 19:46:51 -0500
Processing by CharactersController#new as HTML
  Rendered characters/new.html within layouts/application (20.9ms)
Completed 200 OK in 31ms (Views: 29.9ms | ActiveRecord: 0.0ms)


Started GET "/characters/new" for 127.0.0.1 at 2016-03-09 19:47:19 -0500
Processing by CharactersController#new as HTML
  Rendered characters/new.html within layouts/application (2.4ms)
Completed 200 OK in 16ms (Views: 10.3ms | ActiveRecord: 0.4ms)


Started GET "/assets/application.self-e80e8f2318043e8af94dddc2adad5a4f09739a8ebb323b3ab31cd71d45fd9113.css?body=1" for 127.0.0.1 at 2016-03-09 19:47:19 -0500


Started GET "/assets/jquery.self-c64a74367bda6ef8b860f19e74df08927ca99d2be2ac934e9e92d5fd361e0da4.js?body=1" for 127.0.0.1 at 2016-03-09 19:47:19 -0500


Started GET "/assets/jquery_ujs.self-d602bdfe68ffc63b9f9cc512872aa3cfff046228a0a36e90dd476e8ef54c1b09.js?body=1" for 127.0.0.1 at 2016-03-09 19:47:19 -0500


Started GET "/assets/application.self-377610cd7c1509e934744c810e3b4cf672dfbcacac3274e7d039827e2ae0fcc7.js?body=1" for 127.0.0.1 at 2016-03-09 19:47:19 -0500


Started POST "/characters" for 127.0.0.1 at 2016-03-09 19:47:27 -0500
Processing by CharactersController#create as HTML
  Parameters: {"utf8"=>"✓", "authenticity_token"=>"+p9CRz0OvkeGCPddJ6wapLXVV8FrUIIEvuP3KR7BkBSb3BB3dReIxWQlUTGVAxW0csvcQ9jIHAAlXqpcsgfd+A==", "character"=>{"hero_name"=>"", "first_name"=>"Barry", "last_name"=>"Allen", "universe"=>"DC", "bio"=>"sdfsfdsfds"}, "commit"=>"Create"}
  [1m[36m (0.2ms)[0m  [1mbegin transaction[0m
  [1m[35mCharacter Exists (0.2ms)[0m  SELECT  1 AS one FROM "characters" WHERE LOWER("characters"."hero_name") = LOWER('') LIMIT 1
  [1m[36m (0.1ms)[0m  [1mrollback transaction[0m
  [1m[35mCharacter Exists (0.2ms)[0m  SELECT  1 AS one FROM "characters" WHERE LOWER("characters"."hero_name") = LOWER('') LIMIT 1
Redirected to http://localhost:3000/characters/new
Completed 302 Found in 34205ms (ActiveRecord: 0.6ms)


Started GET "/characters/new" for 127.0.0.1 at 2016-03-09 19:48:02 -0500
Processing by CharactersController#new as HTML
  Rendered characters/new.html within layouts/application (2.2ms)
Completed 200 OK in 12ms (Views: 10.9ms | ActiveRecord: 0.0ms)


Started GET "/characters/new" for 127.0.0.1 at 2016-03-09 19:52:21 -0500
  [1m[36mActiveRecord::SchemaMigration Load (0.1ms)[0m  [1mSELECT "schema_migrations".* FROM "schema_migrations"[0m
Processing by CharactersController#new as HTML
  Rendered characters/new.html within layouts/application (21.7ms)
Completed 200 OK in 289ms (Views: 273.7ms | ActiveRecord: 0.4ms)


Started GET "/assets/application.self-e80e8f2318043e8af94dddc2adad5a4f09739a8ebb323b3ab31cd71d45fd9113.css?body=1" for 127.0.0.1 at 2016-03-09 19:52:21 -0500


Started GET "/assets/jquery.self-c64a74367bda6ef8b860f19e74df08927ca99d2be2ac934e9e92d5fd361e0da4.js?body=1" for 127.0.0.1 at 2016-03-09 19:52:21 -0500


Started GET "/assets/application.self-377610cd7c1509e934744c810e3b4cf672dfbcacac3274e7d039827e2ae0fcc7.js?body=1" for 127.0.0.1 at 2016-03-09 19:52:21 -0500


Started GET "/assets/jquery_ujs.self-d602bdfe68ffc63b9f9cc512872aa3cfff046228a0a36e90dd476e8ef54c1b09.js?body=1" for 127.0.0.1 at 2016-03-09 19:52:21 -0500


Started POST "/characters" for 127.0.0.1 at 2016-03-09 19:53:10 -0500
Processing by CharactersController#create as HTML
  Parameters: {"utf8"=>"✓", "authenticity_token"=>"YDmzEmsoYBnOgoW4jFUcrRTLVAeX6+XBjzGDJA4/4gsBeuEiIzFWmyyvI9Q++hO909XfhSRze8UUjN5Rovmv5w==", "character"=>{"hero_name"=>"", "first_name"=>"Barry", "last_name"=>"Allen", "universe"=>"DC", "bio"=>"sdfsddsfsdf"}, "commit"=>"Create"}
  [1m[35m (0.2ms)[0m  begin transaction
  [1m[36mCharacter Exists (0.2ms)[0m  [1mSELECT  1 AS one FROM "characters" WHERE LOWER("characters"."hero_name") = LOWER('') LIMIT 1[0m
  [1m[35m (0.1ms)[0m  rollback transaction
  Rendered characters/new.html within layouts/application (3.1ms)
Completed 200 OK in 18038ms (Views: 14.4ms | ActiveRecord: 0.5ms)


Started GET "/characters" for 127.0.0.1 at 2016-03-09 19:55:56 -0500
Processing by CharactersController#index as HTML
  [1m[36mCharacter Load (0.2ms)[0m  [1mSELECT "characters".* FROM "characters"[0m
  Rendered characters/index.html within layouts/application (3.7ms)
Completed 200 OK in 17ms (Views: 16.3ms | ActiveRecord: 0.2ms)


Started GET "/characters" for 127.0.0.1 at 2016-03-09 19:59:37 -0500
Processing by CharactersController#index as HTML
  [1m[35mCharacter Load (0.3ms)[0m  SELECT "characters".* FROM "characters"
  Rendered characters/index.html within layouts/application (5.6ms)
Completed 200 OK in 23ms (Views: 19.6ms | ActiveRecord: 0.5ms)


Started GET "/assets/application.self-e80e8f2318043e8af94dddc2adad5a4f09739a8ebb323b3ab31cd71d45fd9113.css?body=1" for 127.0.0.1 at 2016-03-09 19:59:37 -0500


Started GET "/assets/jquery_ujs.self-d602bdfe68ffc63b9f9cc512872aa3cfff046228a0a36e90dd476e8ef54c1b09.js?body=1" for 127.0.0.1 at 2016-03-09 19:59:37 -0500


Started GET "/assets/jquery.self-c64a74367bda6ef8b860f19e74df08927ca99d2be2ac934e9e92d5fd361e0da4.js?body=1" for 127.0.0.1 at 2016-03-09 19:59:37 -0500


Started GET "/assets/application.self-377610cd7c1509e934744c810e3b4cf672dfbcacac3274e7d039827e2ae0fcc7.js?body=1" for 127.0.0.1 at 2016-03-09 19:59:37 -0500


Started GET "/characters" for 127.0.0.1 at 2016-03-09 19:59:38 -0500
Processing by CharactersController#index as HTML
  [1m[36mCharacter Load (0.1ms)[0m  [1mSELECT "characters".* FROM "characters"[0m
  Rendered characters/index.html within layouts/application (1.7ms)
Completed 200 OK in 10ms (Views: 9.7ms | ActiveRecord: 0.1ms)


Started GET "/assets/application.self-e80e8f2318043e8af94dddc2adad5a4f09739a8ebb323b3ab31cd71d45fd9113.css?body=1" for 127.0.0.1 at 2016-03-09 19:59:38 -0500


Started GET "/assets/jquery.self-c64a74367bda6ef8b860f19e74df08927ca99d2be2ac934e9e92d5fd361e0da4.js?body=1" for 127.0.0.1 at 2016-03-09 19:59:38 -0500


Started GET "/assets/application.self-377610cd7c1509e934744c810e3b4cf672dfbcacac3274e7d039827e2ae0fcc7.js?body=1" for 127.0.0.1 at 2016-03-09 19:59:38 -0500


Started GET "/assets/jquery_ujs.self-d602bdfe68ffc63b9f9cc512872aa3cfff046228a0a36e90dd476e8ef54c1b09.js?body=1" for 127.0.0.1 at 2016-03-09 19:59:38 -0500


Started GET "/characters/new" for 127.0.0.1 at 2016-03-09 19:59:40 -0500
Processing by CharactersController#new as HTML
  Rendered characters/new.html within layouts/application (2.5ms)
Completed 200 OK in 13ms (Views: 12.2ms | ActiveRecord: 0.0ms)


Started POST "/characters" for 127.0.0.1 at 2016-03-09 19:59:48 -0500
Processing by CharactersController#create as HTML
  Parameters: {"utf8"=>"✓", "authenticity_token"=>"43BNd3FAZlasdVAebMPvUzRbKwbmQdcz07/YxieXq0aCMx9HOVlQ1E5Y9nLebOBD80WghFXZSTdIAoWzi1Hmqg==", "character"=>{"hero_name"=>"", "first_name"=>"Barry", "last_name"=>"Allen", "universe"=>"DC", "bio"=>"sdfsfsdfds"}, "commit"=>"Create"}
  [1m[35m (0.1ms)[0m  begin transaction
  [1m[36mCharacter Exists (0.3ms)[0m  [1mSELECT  1 AS one FROM "characters" WHERE LOWER("characters"."hero_name") = LOWER('') LIMIT 1[0m
  [1m[35m (0.1ms)[0m  rollback transaction
  Rendered characters/new.html within layouts/application (2.8ms)
Completed 200 OK in 16ms (Views: 10.4ms | ActiveRecord: 0.4ms)


Started GET "/characters" for 127.0.0.1 at 2016-03-09 20:00:02 -0500
Processing by CharactersController#index as HTML
  [1m[36mCharacter Load (0.3ms)[0m  [1mSELECT "characters".* FROM "characters"[0m
  Rendered characters/index.html within layouts/application (2.6ms)
Completed 200 OK in 12ms (Views: 11.0ms | ActiveRecord: 0.3ms)


Started POST "/characters" for 127.0.0.1 at 2016-03-09 20:01:49 -0500
Processing by CharactersController#create as HTML
  Parameters: {"utf8"=>"✓", "authenticity_token"=>"43BNd3FAZlasdVAebMPvUzRbKwbmQdcz07/YxieXq0aCMx9HOVlQ1E5Y9nLebOBD80WghFXZSTdIAoWzi1Hmqg==", "character"=>{"hero_name"=>"", "first_name"=>"Barry", "last_name"=>"Allen", "universe"=>"DC", "bio"=>"sdfsfsdfds"}, "commit"=>"Create"}
  [1m[35m (0.1ms)[0m  begin transaction
  [1m[36mCharacter Exists (0.2ms)[0m  [1mSELECT  1 AS one FROM "characters" WHERE LOWER("characters"."hero_name") = LOWER('') LIMIT 1[0m
  [1m[35m (0.1ms)[0m  rollback transaction
  Rendered characters/new.html within layouts/application (3.1ms)
Completed 200 OK in 22ms (Views: 17.2ms | ActiveRecord: 0.3ms)


Started POST "/characters" for 127.0.0.1 at 2016-03-09 20:02:23 -0500
Processing by CharactersController#create as HTML
  Parameters: {"utf8"=>"✓", "authenticity_token"=>"PWEGfRxGg/G/spGgmR02jeWrVVtKesqKxarlYaypzYxcIlRNVF+1c12fN8wrsjmdIrXe2fniVI5eF7gUAG+AYA==", "character"=>{"hero_name"=>"Flash", "first_name"=>"Barry", "last_name"=>"Allen", "universe"=>"DC", "bio"=>"sdfsfsdfds"}, "commit"=>"Create"}
  [1m[36m (0.1ms)[0m  [1mbegin transaction[0m
  [1m[35mCharacter Exists (0.1ms)[0m  SELECT  1 AS one FROM "characters" WHERE LOWER("characters"."hero_name") = LOWER('Flash') LIMIT 1
  [1m[36mSQL (1.1ms)[0m  [1mINSERT INTO "characters" ("first_name", "last_name", "hero_name", "universe", "bio", "created_at", "updated_at") VALUES (?, ?, ?, ?, ?, ?, ?)[0m  [["first_name", "Barry"], ["last_name", "Allen"], ["hero_name", "Flash"], ["universe", "DC"], ["bio", "sdfsfsdfds"], ["created_at", "2016-03-10 01:02:23.994016"], ["updated_at", "2016-03-10 01:02:23.994016"]]
  [1m[35m (0.8ms)[0m  commit transaction
Redirected to http://localhost:3000/characters/7
Completed 302 Found in 8ms (ActiveRecord: 2.0ms)


Started GET "/characters/7" for 127.0.0.1 at 2016-03-09 20:02:24 -0500
Processing by CharactersController#show as HTML
  Parameters: {"id"=>"7"}
  [1m[36mCharacter Load (0.3ms)[0m  [1mSELECT  "characters".* FROM "characters" WHERE "characters"."id" = ? LIMIT 1[0m  [["id", 7]]
  Rendered characters/show.html within layouts/application (1.5ms)
Completed 200 OK in 30ms (Views: 20.1ms | ActiveRecord: 0.3ms)


Started GET "/characters" for 127.0.0.1 at 2016-03-09 20:19:05 -0500
Processing by CharactersController#index as HTML
  [1m[35mCharacter Load (0.8ms)[0m  SELECT "characters".* FROM "characters"
  Rendered characters/index.html within layouts/application (13.1ms)
Completed 200 OK in 35ms (Views: 31.8ms | ActiveRecord: 1.2ms)


Started GET "/characters" for 127.0.0.1 at 2016-03-09 20:19:06 -0500
Processing by CharactersController#index as HTML
  [1m[36mCharacter Load (0.2ms)[0m  [1mSELECT "characters".* FROM "characters"[0m
  Rendered characters/index.html within layouts/application (2.0ms)
Completed 200 OK in 13ms (Views: 12.2ms | ActiveRecord: 0.2ms)


Started GET "/assets/application.self-e80e8f2318043e8af94dddc2adad5a4f09739a8ebb323b3ab31cd71d45fd9113.css?body=1" for 127.0.0.1 at 2016-03-09 20:19:06 -0500


Started GET "/assets/jquery.self-c64a74367bda6ef8b860f19e74df08927ca99d2be2ac934e9e92d5fd361e0da4.js?body=1" for 127.0.0.1 at 2016-03-09 20:19:06 -0500


Started GET "/assets/jquery_ujs.self-d602bdfe68ffc63b9f9cc512872aa3cfff046228a0a36e90dd476e8ef54c1b09.js?body=1" for 127.0.0.1 at 2016-03-09 20:19:06 -0500


Started GET "/assets/application.self-377610cd7c1509e934744c810e3b4cf672dfbcacac3274e7d039827e2ae0fcc7.js?body=1" for 127.0.0.1 at 2016-03-09 20:19:06 -0500


Started GET "/characters/1/edit" for 127.0.0.1 at 2016-03-09 20:19:11 -0500
Processing by CharactersController#edit as HTML
  Parameters: {"id"=>"1"}
  [1m[35mCharacter Load (0.1ms)[0m  SELECT  "characters".* FROM "characters" WHERE "characters"."id" = ? LIMIT 1  [["id", 1]]
  Rendered characters/edit.html within layouts/application (5.1ms)
Completed 200 OK in 16ms (Views: 14.4ms | ActiveRecord: 0.1ms)


Started PATCH "/characters/1" for 127.0.0.1 at 2016-03-09 20:19:19 -0500
Processing by CharactersController#update as HTML
  Parameters: {"utf8"=>"✓", "authenticity_token"=>"JJZtTx5vKzUQ/sZbNHQDcA2IC5voCOHhAeS2m8wEkbVF1T9/VnYdt/LTYDeG2wxgypaAGVuQf+WaWevuYMLcWQ==", "character"=>{"hero_name"=>"", "first_name"=>"Bucky", "last_name"=>"Rogers", "universe"=>"Marvel", "bio"=>"lorem ipsum"}, "commit"=>"Update", "id"=>"1"}
  [1m[36mCharacter Load (0.1ms)[0m  [1mSELECT  "characters".* FROM "characters" WHERE "characters"."id" = ? LIMIT 1[0m  [["id", 1]]
  [1m[35m (0.1ms)[0m  begin transaction
  [1m[36mCharacter Exists (0.2ms)[0m  [1mSELECT  1 AS one FROM "characters" WHERE (LOWER("characters"."hero_name") = LOWER('') AND "characters"."id" != 1) LIMIT 1[0m
  [1m[35m (0.1ms)[0m  rollback transaction
  Rendered characters/edit.html within layouts/application (2.8ms)
Completed 200 OK in 33ms (Views: 26.5ms | ActiveRecord: 0.4ms)


Started GET "/characters" for 127.0.0.1 at 2016-03-09 20:19:26 -0500
Processing by CharactersController#index as HTML
  [1m[36mCharacter Load (0.2ms)[0m  [1mSELECT "characters".* FROM "characters"[0m
  Rendered characters/index.html within layouts/application (2.7ms)
Completed 200 OK in 18ms (Views: 17.5ms | ActiveRecord: 0.2ms)


Started GET "/characters/1/edit" for 127.0.0.1 at 2016-03-09 20:19:41 -0500
Processing by CharactersController#edit as HTML
  Parameters: {"id"=>"1"}
  [1m[35mCharacter Load (0.1ms)[0m  SELECT  "characters".* FROM "characters" WHERE "characters"."id" = ? LIMIT 1  [["id", 1]]
  Rendered characters/edit.html within layouts/application (2.5ms)
Completed 200 OK in 22ms (Views: 21.2ms | ActiveRecord: 0.1ms)


Started PATCH "/characters/1" for 127.0.0.1 at 2016-03-09 20:19:46 -0500
Processing by CharactersController#update as HTML
  Parameters: {"utf8"=>"✓", "authenticity_token"=>"SAvnsWWH4tf7ob6YOlzT682ySkqy1rZIs0ezMG9LzsopSLWBLZ7UVRmMGPSI89z7CqzByAFOKEwo+u5Fw42DJg==", "character"=>{"hero_name"=>"Captain America", "first_name"=>"Steve", "last_name"=>"Rogers", "universe"=>"Marvel", "bio"=>"lorem ipsum"}, "commit"=>"Update", "id"=>"1"}
  [1m[36mCharacter Load (0.1ms)[0m  [1mSELECT  "characters".* FROM "characters" WHERE "characters"."id" = ? LIMIT 1[0m  [["id", 1]]
  [1m[35m (0.0ms)[0m  begin transaction
  [1m[36mCharacter Exists (0.3ms)[0m  [1mSELECT  1 AS one FROM "characters" WHERE (LOWER("characters"."hero_name") = LOWER('Captain America') AND "characters"."id" != 1) LIMIT 1[0m
  [1m[35mSQL (0.3ms)[0m  UPDATE "characters" SET "first_name" = ?, "updated_at" = ? WHERE "characters"."id" = ?  [["first_name", "Steve"], ["updated_at", "2016-03-10 01:19:46.195194"], ["id", 1]]
  [1m[36m (0.9ms)[0m  [1mcommit transaction[0m
Redirected to http://localhost:3000/characters/1
Completed 302 Found in 7ms (ActiveRecord: 1.6ms)


Started GET "/characters/1" for 127.0.0.1 at 2016-03-09 20:19:46 -0500
Processing by CharactersController#show as HTML
  Parameters: {"id"=>"1"}
  [1m[35mCharacter Load (0.1ms)[0m  SELECT  "characters".* FROM "characters" WHERE "characters"."id" = ? LIMIT 1  [["id", 1]]
  Rendered characters/show.html within layouts/application (0.3ms)
Completed 200 OK in 17ms (Views: 14.8ms | ActiveRecord: 0.1ms)


Started GET "/characters/1" for 127.0.0.1 at 2016-03-09 20:26:10 -0500
Processing by CharactersController#show as HTML
  Parameters: {"id"=>"1"}
  [1m[36mCharacter Load (0.2ms)[0m  [1mSELECT  "characters".* FROM "characters" WHERE "characters"."id" = ? LIMIT 1[0m  [["id", 1]]
  Rendered characters/show.html within layouts/application (0.5ms)
Completed 200 OK in 29ms (Views: 17.3ms | ActiveRecord: 1.0ms)


Started GET "/assets/jquery_ujs.self-d602bdfe68ffc63b9f9cc512872aa3cfff046228a0a36e90dd476e8ef54c1b09.js?body=1" for 127.0.0.1 at 2016-03-09 20:26:11 -0500


Started GET "/assets/jquery.self-c64a74367bda6ef8b860f19e74df08927ca99d2be2ac934e9e92d5fd361e0da4.js?body=1" for 127.0.0.1 at 2016-03-09 20:26:11 -0500


Started GET "/assets/application.self-e80e8f2318043e8af94dddc2adad5a4f09739a8ebb323b3ab31cd71d45fd9113.css?body=1" for 127.0.0.1 at 2016-03-09 20:26:11 -0500


Started GET "/assets/application.self-377610cd7c1509e934744c810e3b4cf672dfbcacac3274e7d039827e2ae0fcc7.js?body=1" for 127.0.0.1 at 2016-03-09 20:26:11 -0500


Started GET "/characters" for 127.0.0.1 at 2016-03-09 20:26:13 -0500
Processing by CharactersController#index as HTML
  [1m[35mCharacter Load (0.1ms)[0m  SELECT "characters".* FROM "characters"
  Rendered characters/index.html within layouts/application (2.0ms)
Completed 200 OK in 12ms (Views: 11.4ms | ActiveRecord: 0.1ms)


Started GET "/characters/new" for 127.0.0.1 at 2016-03-09 20:26:15 -0500
Processing by CharactersController#new as HTML
  Rendered characters/new.html within layouts/application (3.8ms)
Completed 200 OK in 12ms (Views: 11.7ms | ActiveRecord: 0.0ms)


Started POST "/characters" for 127.0.0.1 at 2016-03-09 20:26:46 -0500
Processing by CharactersController#create as HTML
  Parameters: {"utf8"=>"✓", "authenticity_token"=>"bQ+/m59GPG0seSE+3NmGotxDDD5S9GSKtu+pHkzo6agMTO2r118K785Uh1JudomyG12HvOFs+o4tUvRr4C6kRA==", "character"=>{"hero_name"=>"", "first_name"=>"Wade", "last_name"=>"Wilson", "universe"=>"Marvel", "bio"=>""}, "commit"=>"Create"}
  [1m[36m (0.1ms)[0m  [1mbegin transaction[0m
  [1m[35mCharacter Exists (0.1ms)[0m  SELECT  1 AS one FROM "characters" WHERE LOWER("characters"."hero_name") = LOWER('') LIMIT 1
  [1m[36m (0.1ms)[0m  [1mrollback transaction[0m
  Rendered characters/new.html within layouts/application (2.7ms)
Completed 200 OK in 19ms (Views: 11.1ms | ActiveRecord: 0.3ms)


Started POST "/characters" for 127.0.0.1 at 2016-03-09 20:34:27 -0500
Processing by CharactersController#create as HTML
  Parameters: {"utf8"=>"✓", "authenticity_token"=>"bQ+/m59GPG0seSE+3NmGotxDDD5S9GSKtu+pHkzo6agMTO2r118K785Uh1JudomyG12HvOFs+o4tUvRr4C6kRA==", "character"=>{"hero_name"=>"", "first_name"=>"Wade", "last_name"=>"Wilson", "universe"=>"Marvel", "bio"=>""}, "commit"=>"Create"}
  [1m[35m (0.1ms)[0m  begin transaction
  [1m[36mCharacter Exists (0.2ms)[0m  [1mSELECT  1 AS one FROM "characters" WHERE LOWER("characters"."hero_name") = LOWER('') LIMIT 1[0m
  [1m[35m (0.0ms)[0m  rollback transaction
  Rendered characters/_form.html.erb (3.5ms)
  Rendered characters/new.html within layouts/application (8.4ms)
Completed 200 OK in 25ms (Views: 21.5ms | ActiveRecord: 0.3ms)


Started GET "/assets/jquery.self-c64a74367bda6ef8b860f19e74df08927ca99d2be2ac934e9e92d5fd361e0da4.js?body=1" for 127.0.0.1 at 2016-03-09 20:34:27 -0500


Started GET "/assets/jquery_ujs.self-d602bdfe68ffc63b9f9cc512872aa3cfff046228a0a36e90dd476e8ef54c1b09.js?body=1" for 127.0.0.1 at 2016-03-09 20:34:27 -0500


Started GET "/assets/application.self-377610cd7c1509e934744c810e3b4cf672dfbcacac3274e7d039827e2ae0fcc7.js?body=1" for 127.0.0.1 at 2016-03-09 20:34:27 -0500


Started GET "/assets/application.self-e80e8f2318043e8af94dddc2adad5a4f09739a8ebb323b3ab31cd71d45fd9113.css?body=1" for 127.0.0.1 at 2016-03-09 20:34:27 -0500


Started GET "/characters" for 127.0.0.1 at 2016-03-09 20:34:29 -0500
Processing by CharactersController#index as HTML
  [1m[36mCharacter Load (0.2ms)[0m  [1mSELECT "characters".* FROM "characters"[0m
  Rendered characters/index.html within layouts/application (2.7ms)
Completed 200 OK in 13ms (Views: 11.8ms | ActiveRecord: 0.2ms)


Started GET "/characters/new" for 127.0.0.1 at 2016-03-09 20:34:30 -0500
Processing by CharactersController#new as HTML
  Rendered characters/_form.html.erb (2.0ms)
  Rendered characters/new.html within layouts/application (2.7ms)
Completed 200 OK in 14ms (Views: 13.6ms | ActiveRecord: 0.0ms)


Started GET "/characters" for 127.0.0.1 at 2016-03-09 20:34:37 -0500
Processing by CharactersController#index as HTML
  [1m[35mCharacter Load (0.2ms)[0m  SELECT "characters".* FROM "characters"
  Rendered characters/index.html within layouts/application (2.3ms)
Completed 200 OK in 15ms (Views: 13.8ms | ActiveRecord: 0.2ms)


Started GET "/characters/1/edit" for 127.0.0.1 at 2016-03-09 20:34:38 -0500
Processing by CharactersController#edit as HTML
  Parameters: {"id"=>"1"}
  [1m[36mCharacter Load (0.1ms)[0m  [1mSELECT  "characters".* FROM "characters" WHERE "characters"."id" = ? LIMIT 1[0m  [["id", 1]]
  Rendered characters/_form.html.erb (2.2ms)
  Rendered characters/edit.html within layouts/application (3.3ms)
Completed 200 OK in 13ms (Views: 12.2ms | ActiveRecord: 0.1ms)


Started GET "/characters/5/edit" for 127.0.0.1 at 2016-03-09 20:34:43 -0500
Processing by CharactersController#edit as HTML
  Parameters: {"id"=>"5"}
  [1m[35mCharacter Load (0.1ms)[0m  SELECT  "characters".* FROM "characters" WHERE "characters"."id" = ? LIMIT 1  [["id", 5]]
  Rendered characters/_form.html.erb (1.9ms)
  Rendered characters/edit.html within layouts/application (2.5ms)
Completed 200 OK in 14ms (Views: 12.5ms | ActiveRecord: 0.1ms)


Started PATCH "/characters/5" for 127.0.0.1 at 2016-03-09 20:34:53 -0500
Processing by CharactersController#update as HTML
  Parameters: {"utf8"=>"✓", "authenticity_token"=>"1WiKeQLO+R+CQCmGxbLaR5tRw8vtCkmzdplnfYt4uZe0K9hJStfPnWBtj+p3HdVXXE9ISV6S17ftJDoIJ770ew==", "character"=>{"hero_name"=>"The Incredible Hulk", "first_name"=>"Bruce", "last_name"=>"Banner", "universe"=>"Marvel", "bio"=>"lorem ipsum"}, "commit"=>"Update Character", "id"=>"5"}
  [1m[36mCharacter Load (0.1ms)[0m  [1mSELECT  "characters".* FROM "characters" WHERE "characters"."id" = ? LIMIT 1[0m  [["id", 5]]
  [1m[35m (0.2ms)[0m  begin transaction
  [1m[36mCharacter Exists (0.1ms)[0m  [1mSELECT  1 AS one FROM "characters" WHERE (LOWER("characters"."hero_name") = LOWER('The Incredible Hulk') AND "characters"."id" != 5) LIMIT 1[0m
  [1m[35mSQL (0.3ms)[0m  UPDATE "characters" SET "hero_name" = ?, "updated_at" = ? WHERE "characters"."id" = ?  [["hero_name", "The Incredible Hulk"], ["updated_at", "2016-03-10 01:34:53.614835"], ["id", 5]]
  [1m[36m (0.7ms)[0m  [1mcommit transaction[0m
Redirected to http://localhost:3000/characters/5
Completed 302 Found in 7ms (ActiveRecord: 1.5ms)


Started GET "/characters/5" for 127.0.0.1 at 2016-03-09 20:34:53 -0500
Processing by CharactersController#show as HTML
  Parameters: {"id"=>"5"}
  [1m[35mCharacter Load (0.1ms)[0m  SELECT  "characters".* FROM "characters" WHERE "characters"."id" = ? LIMIT 1  [["id", 5]]
  Rendered characters/show.html within layouts/application (0.5ms)
Completed 200 OK in 18ms (Views: 17.0ms | ActiveRecord: 0.1ms)


Started GET "/contracts?query=B24C0B8AEB49C1B615FD73E3A6F6B8C5" for 127.0.0.1 at 2016-03-10 01:54:04 -0500

ActionController::RoutingError (No route matches [GET] "/contracts"):
  actionpack (4.2.1) lib/action_dispatch/middleware/debug_exceptions.rb:21:in `call'
  web-console (2.3.0) lib/web_console/middleware.rb:28:in `block in call'
  web-console (2.3.0) lib/web_console/middleware.rb:18:in `catch'
  web-console (2.3.0) lib/web_console/middleware.rb:18:in `call'
  actionpack (4.2.1) lib/action_dispatch/middleware/show_exceptions.rb:30:in `call'
  railties (4.2.1) lib/rails/rack/logger.rb:38:in `call_app'
  railties (4.2.1) lib/rails/rack/logger.rb:20:in `block in call'
  activesupport (4.2.1) lib/active_support/tagged_logging.rb:68:in `block in tagged'
  activesupport (4.2.1) lib/active_support/tagged_logging.rb:26:in `tagged'
  activesupport (4.2.1) lib/active_support/tagged_logging.rb:68:in `tagged'
  railties (4.2.1) lib/rails/rack/logger.rb:20:in `call'
  actionpack (4.2.1) lib/action_dispatch/middleware/request_id.rb:21:in `call'
  rack (1.6.4) lib/rack/methodoverride.rb:22:in `call'
  rack (1.6.4) lib/rack/runtime.rb:18:in `call'
  activesupport (4.2.1) lib/active_support/cache/strategy/local_cache_middleware.rb:28:in `call'
  rack (1.6.4) lib/rack/lock.rb:17:in `call'
  actionpack (4.2.1) lib/action_dispatch/middleware/static.rb:113:in `call'
  rack (1.6.4) lib/rack/sendfile.rb:113:in `call'
  railties (4.2.1) lib/rails/engine.rb:518:in `call'
  railties (4.2.1) lib/rails/application.rb:164:in `call'
  rack (1.6.4) lib/rack/lock.rb:17:in `call'
  rack (1.6.4) lib/rack/content_length.rb:15:in `call'
  rack (1.6.4) lib/rack/handler/webrick.rb:88:in `service'
  /Users/kareemgrant/.rbenv/versions/2.1.5/lib/ruby/2.1.0/webrick/httpserver.rb:138:in `service'
  /Users/kareemgrant/.rbenv/versions/2.1.5/lib/ruby/2.1.0/webrick/httpserver.rb:94:in `run'
  /Users/kareemgrant/.rbenv/versions/2.1.5/lib/ruby/2.1.0/webrick/server.rb:295:in `block in start_thread'


  Rendered /Users/kareemgrant/.rbenv/versions/2.1.5/lib/ruby/gems/2.1.0/gems/actionpack-4.2.1/lib/action_dispatch/middleware/templates/rescues/_trace.html.erb (22.6ms)
  Rendered /Users/kareemgrant/.rbenv/versions/2.1.5/lib/ruby/gems/2.1.0/gems/actionpack-4.2.1/lib/action_dispatch/middleware/templates/routes/_route.html.erb (5.2ms)
  Rendered /Users/kareemgrant/.rbenv/versions/2.1.5/lib/ruby/gems/2.1.0/gems/actionpack-4.2.1/lib/action_dispatch/middleware/templates/routes/_table.html.erb (39.3ms)
  Rendered /Users/kareemgrant/.rbenv/versions/2.1.5/lib/ruby/gems/2.1.0/gems/actionpack-4.2.1/lib/action_dispatch/middleware/templates/rescues/_request_and_response.html.erb (9.4ms)
  Rendered /Users/kareemgrant/.rbenv/versions/2.1.5/lib/ruby/gems/2.1.0/gems/actionpack-4.2.1/lib/action_dispatch/middleware/templates/rescues/routing_error.html.erb within rescues/layout (159.2ms)
  Rendered /Users/kareemgrant/.rbenv/versions/2.1.5/lib/ruby/gems/2.1.0/gems/web-console-2.3.0/lib/web_console/templates/_markup.html.erb (0.6ms)
  Rendered /Users/kareemgrant/.rbenv/versions/2.1.5/lib/ruby/gems/2.1.0/gems/web-console-2.3.0/lib/web_console/templates/_inner_console_markup.html.erb within layouts/inlined_string (0.7ms)
  Rendered /Users/kareemgrant/.rbenv/versions/2.1.5/lib/ruby/gems/2.1.0/gems/web-console-2.3.0/lib/web_console/templates/_prompt_box_markup.html.erb within layouts/inlined_string (0.6ms)
  Rendered /Users/kareemgrant/.rbenv/versions/2.1.5/lib/ruby/gems/2.1.0/gems/web-console-2.3.0/lib/web_console/templates/style.css.erb within layouts/inlined_string (2.5ms)
  Rendered /Users/kareemgrant/.rbenv/versions/2.1.5/lib/ruby/gems/2.1.0/gems/web-console-2.3.0/lib/web_console/templates/console.js.erb within layouts/javascript (29.5ms)
  Rendered /Users/kareemgrant/.rbenv/versions/2.1.5/lib/ruby/gems/2.1.0/gems/web-console-2.3.0/lib/web_console/templates/main.js.erb within layouts/javascript (0.5ms)
  Rendered /Users/kareemgrant/.rbenv/versions/2.1.5/lib/ruby/gems/2.1.0/gems/web-console-2.3.0/lib/web_console/templates/error_page.js.erb within layouts/javascript (1.0ms)
  Rendered /Users/kareemgrant/.rbenv/versions/2.1.5/lib/ruby/gems/2.1.0/gems/web-console-2.3.0/lib/web_console/templates/index.html.erb (61.6ms)


Started GET "/" for 127.0.0.1 at 2016-03-13 14:34:58 -0400
  [1m[36mActiveRecord::SchemaMigration Load (0.1ms)[0m  [1mSELECT "schema_migrations".* FROM "schema_migrations"[0m
Processing by CharactersController#index as HTML
  [1m[35mCharacter Load (0.2ms)[0m  SELECT "characters".* FROM "characters"
  Rendered characters/index.html within layouts/application (9.0ms)
Completed 200 OK in 234ms (Views: 222.0ms | ActiveRecord: 0.4ms)


Started GET "/characters/1" for 127.0.0.1 at 2016-03-13 14:35:14 -0400
Processing by CharactersController#show as HTML
  Parameters: {"id"=>"1"}
  [1m[36mCharacter Load (0.2ms)[0m  [1mSELECT  "characters".* FROM "characters" WHERE "characters"."id" = ? LIMIT 1[0m  [["id", 1]]
  Rendered characters/show.html within layouts/application (0.6ms)
Completed 200 OK in 24ms (Views: 8.1ms | ActiveRecord: 0.2ms)


Started GET "/characters" for 127.0.0.1 at 2016-03-13 14:35:17 -0400
Processing by CharactersController#index as HTML
  [1m[35mCharacter Load (0.1ms)[0m  SELECT "characters".* FROM "characters"
  Rendered characters/index.html within layouts/application (1.7ms)
Completed 200 OK in 13ms (Views: 12.0ms | ActiveRecord: 0.1ms)


Started GET "/characters/4" for 127.0.0.1 at 2016-03-13 14:35:18 -0400
Processing by CharactersController#show as HTML
  Parameters: {"id"=>"4"}
  [1m[36mCharacter Load (0.1ms)[0m  [1mSELECT  "characters".* FROM "characters" WHERE "characters"."id" = ? LIMIT 1[0m  [["id", 4]]
  Rendered characters/show.html within layouts/application (0.3ms)
Completed 200 OK in 18ms (Views: 17.2ms | ActiveRecord: 0.1ms)


Started GET "/characters" for 127.0.0.1 at 2016-03-13 14:35:20 -0400
Processing by CharactersController#index as HTML
  [1m[35mCharacter Load (0.1ms)[0m  SELECT "characters".* FROM "characters"
  Rendered characters/index.html within layouts/application (1.6ms)
Completed 200 OK in 12ms (Views: 11.0ms | ActiveRecord: 0.1ms)


Started GET "/characters/new" for 127.0.0.1 at 2016-03-13 14:35:26 -0400
Processing by CharactersController#new as HTML
  Rendered characters/_form.html.erb (30.3ms)
  Rendered characters/new.html within layouts/application (34.9ms)
Completed 200 OK in 44ms (Views: 43.8ms | ActiveRecord: 0.0ms)


Started GET "/characters" for 127.0.0.1 at 2016-03-13 14:35:29 -0400
Processing by CharactersController#index as HTML
  [1m[36mCharacter Load (0.5ms)[0m  [1mSELECT "characters".* FROM "characters"[0m
  Rendered characters/index.html within layouts/application (5.0ms)
Completed 200 OK in 19ms (Views: 17.6ms | ActiveRecord: 0.5ms)


Started GET "/characters/2" for 127.0.0.1 at 2016-03-13 14:35:31 -0400
Processing by CharactersController#show as HTML
  Parameters: {"id"=>"2"}
  [1m[35mCharacter Load (0.1ms)[0m  SELECT  "characters".* FROM "characters" WHERE "characters"."id" = ? LIMIT 1  [["id", 2]]
  Rendered characters/show.html within layouts/application (0.2ms)
Completed 200 OK in 8ms (Views: 7.1ms | ActiveRecord: 0.1ms)


Started GET "/characters/2/edit" for 127.0.0.1 at 2016-03-13 14:35:32 -0400
Processing by CharactersController#edit as HTML
  Parameters: {"id"=>"2"}
  [1m[36mCharacter Load (0.1ms)[0m  [1mSELECT  "characters".* FROM "characters" WHERE "characters"."id" = ? LIMIT 1[0m  [["id", 2]]
  Rendered characters/_form.html.erb (2.2ms)
  Rendered characters/edit.html within layouts/application (3.3ms)
Completed 200 OK in 18ms (Views: 16.6ms | ActiveRecord: 0.1ms)


Started GET "/characters" for 127.0.0.1 at 2016-03-13 14:35:35 -0400
Processing by CharactersController#index as HTML
  [1m[35mCharacter Load (0.1ms)[0m  SELECT "characters".* FROM "characters"
  Rendered characters/index.html within layouts/application (1.7ms)
Completed 200 OK in 9ms (Views: 8.8ms | ActiveRecord: 0.1ms)


Started GET "/characters/5" for 127.0.0.1 at 2016-03-13 14:35:39 -0400
Processing by CharactersController#show as HTML
  Parameters: {"id"=>"5"}
  [1m[36mCharacter Load (0.1ms)[0m  [1mSELECT  "characters".* FROM "characters" WHERE "characters"."id" = ? LIMIT 1[0m  [["id", 5]]
  Rendered characters/show.html within layouts/application (0.2ms)
Completed 200 OK in 13ms (Views: 11.7ms | ActiveRecord: 0.1ms)


Started GET "/characters" for 127.0.0.1 at 2016-03-13 14:35:43 -0400
Processing by CharactersController#index as HTML
  [1m[35mCharacter Load (0.1ms)[0m  SELECT "characters".* FROM "characters"
  Rendered characters/index.html within layouts/application (2.1ms)
Completed 200 OK in 18ms (Views: 17.0ms | ActiveRecord: 0.1ms)


Started GET "/characters/3" for 127.0.0.1 at 2016-03-13 14:35:45 -0400
Processing by CharactersController#show as HTML
  Parameters: {"id"=>"3"}
  [1m[36mCharacter Load (0.1ms)[0m  [1mSELECT  "characters".* FROM "characters" WHERE "characters"."id" = ? LIMIT 1[0m  [["id", 3]]
  Rendered characters/show.html within layouts/application (0.2ms)
Completed 200 OK in 9ms (Views: 7.8ms | ActiveRecord: 0.1ms)


Started GET "/characters/5" for 127.0.0.1 at 2016-03-13 14:36:07 -0400
Processing by CharactersController#show as HTML
  Parameters: {"id"=>"5"}
  [1m[35mCharacter Load (0.1ms)[0m  SELECT  "characters".* FROM "characters" WHERE "characters"."id" = ? LIMIT 1  [["id", 5]]
  Rendered characters/show.html within layouts/application (0.7ms)
Completed 200 OK in 16ms (Views: 14.8ms | ActiveRecord: 0.1ms)


Started GET "/characters" for 127.0.0.1 at 2016-03-13 14:36:15 -0400
Processing by CharactersController#index as HTML
  [1m[36mCharacter Load (0.1ms)[0m  [1mSELECT "characters".* FROM "characters"[0m
  Rendered characters/index.html within layouts/application (1.7ms)
Completed 200 OK in 10ms (Views: 8.9ms | ActiveRecord: 0.1ms)


Started GET "/characters/6" for 127.0.0.1 at 2016-03-13 14:36:17 -0400
Processing by CharactersController#show as HTML
  Parameters: {"id"=>"6"}
  [1m[35mCharacter Load (0.1ms)[0m  SELECT  "characters".* FROM "characters" WHERE "characters"."id" = ? LIMIT 1  [["id", 6]]
  Rendered characters/show.html within layouts/application (0.3ms)
Completed 200 OK in 41ms (Views: 39.8ms | ActiveRecord: 0.1ms)


Started GET "/characters" for 127.0.0.1 at 2016-03-13 14:36:20 -0400
Processing by CharactersController#index as HTML
  [1m[36mCharacter Load (0.1ms)[0m  [1mSELECT "characters".* FROM "characters"[0m
  Rendered characters/index.html within layouts/application (3.0ms)
Completed 200 OK in 29ms (Views: 28.0ms | ActiveRecord: 0.1ms)
